0.163786 32
0.084585 29
0.000867 1
2.892779 1
0.264254 1
0.195378 1
0.268727 1
0.939484 1
0.859032 1
0.689385 1
0.480753 1
0.573970 1
0.468408 1
1.401553 1
0.266795 1
0.245443 1
0.197568 1
0.189321 11
0.477611 2
0.524742 163
0.003152 26
1.676631 1
0.413709 1
0.499155 1
0.032080 1
0.034406 1
0.033712 1
0.035788 1
0.032699 1
0.034043 1
0.034274 1
0.033111 1
0.034053 1
0.034640 1
0.033457 1
0.033957 1
0.267463 1
0.186263 1
0.330805 5
0.473274 5
0.223623 2
0.258653 136
0.003291 1
4.551799 1
0.277745 1
0.298246 1
0.538239 1
0.737953 1
0.378360 1
0.276190 1
1.272184 7
0.463656 2
0.612367 85
0.001964 53
0.001140 15
1.365629 1
0.428055 1
0.224633 1
0.151531 1
0.136162 1
0.125313 1
0.127948 1
0.129627 1
0.119716 1
0.237434 5
0.566647 5
0.272194 5
1.415691 5
0.705814 9
0.228861 5
0.904028 5
0.706234 5
0.971907 5
0.480766 2
0.706143 140
0.002683 1
1.410222 1
0.234218 1
0.116953 1
0.260825 8
